<?xml version="1.0" encoding="UTF-8"?>
<!-- Generated by org.testng.reporters.JUnitXMLReporter -->
<testsuite hostname="samis-MacBook-Pro.local" ignored="6" name="CitiBank" tests="19" failures="5" timestamp="16 Sep 2017 19:19:06 GMT" time="107.395" errors="0">
  <testcase name="CitiBankTitle" time="0.268" classname="Homepage.TestHomepage"/>
  <testcase name="Citibanklogo" time="0.161" classname="Homepage.TestHomepage"/>
  <testcase name="Citibankurl" time="0.025" classname="Homepage.TestHomepage"/>
  <testcase name="CreditcardTitle" time="0.223" classname="Homepage.TestHomepage"/>
  <testcase name="brokenlinksInHP" time="43.689" classname="Homepage.TestHomepage"/>
  <testcase name="clickBankingTab" time="0.303" classname="Homepage.TestHomepage"/>
  <testcase name="clickcitigoldTab" time="1.52" classname="Homepage.TestHomepage"/>
  <testcase name="clickcreditcardTag" time="0.296" classname="Homepage.TestHomepage"/>
  <testcase name="clickinvestingTab" time="1.884" classname="Homepage.TestHomepage"/>
  <testcase name="clicklandingTab" time="1.996" classname="Homepage.TestHomepage"/>
  <testcase name="clickSignin" time="0.439" classname="Homepage.Login"/>
  <testcase name="inputpassword" time="0.126" classname="Homepage.Login"/>
  <testcase name="inputuserid" time="0.215" classname="Homepage.Login"/>
  <testcase name="searchforATM" time="0.097" classname="Homepage.LocateATMByZipcode"/>
  <testcase name="clickButtonByCSS" time="10.079" classname="Homepage.TestCreditCards">
    <failure type="org.openqa.selenium.NoSuchElementException" message="Unable to locate element: .cA-cardsLoginSubmit.cA-DD-singon-buttom
For documentation on this error, please visit: http://seleniumhq.org/exceptions/no_such_element.html
Build info: version: &amp;apos;3.5.3&amp;apos;, revision: &amp;apos;a88d25fe6b&amp;apos;, time: &amp;apos;2017-08-29T12:42:44.417Z&amp;apos;
System info: host: &amp;apos;samis-MacBook-Pro.local&amp;apos;, ip: &amp;apos;fe80:0:0:0:1c0d:53b0:ca5d:9f39%en0&amp;apos;, os.name: &amp;apos;Mac OS X&amp;apos;, os.arch: &amp;apos;x86_64&amp;apos;, os.version: &amp;apos;10.12.6&amp;apos;, java.version: &amp;apos;1.8.0_144&amp;apos;
Driver info: org.openqa.selenium.firefox.FirefoxDriver
Capabilities [{moz:profile=/var/folders/1q/mcsr0m2x28d4ffr1ql92pmpc0000gn/T/rust_mozprofile.3tqbxa12cpRc, rotatable=false, timeouts={implicit=0, pageLoad=300000, script=30000}, pageLoadStrategy=normal, platform=MAC, specificationLevel=0, moz:accessibilityChecks=false, acceptInsecureCerts=false, browserVersion=55.0.3, platformVersion=16.7.0, moz:processID=1200, browserName=firefox, javascriptEnabled=true, platformName=MAC}]
Session ID: ea3c0be6-7c5c-9a46-ae8c-a8477d3c5200
*** Element info: {Using=css selector, value=.cA-cardsLoginSubmit.cA-DD-singon-buttom}">
      <![CDATA[org.openqa.selenium.NoSuchElementException: Unable to locate element: .cA-cardsLoginSubmit.cA-DD-singon-buttom
For documentation on this error, please visit: http://seleniumhq.org/exceptions/no_such_element.html
Build info: version: '3.5.3', revision: 'a88d25fe6b', time: '2017-08-29T12:42:44.417Z'
System info: host: 'samis-MacBook-Pro.local', ip: 'fe80:0:0:0:1c0d:53b0:ca5d:9f39%en0', os.name: 'Mac OS X', os.arch: 'x86_64', os.version: '10.12.6', java.version: '1.8.0_144'
Driver info: org.openqa.selenium.firefox.FirefoxDriver
Capabilities [{moz:profile=/var/folders/1q/mcsr0m2x28d4ffr1ql92pmpc0000gn/T/rust_mozprofile.3tqbxa12cpRc, rotatable=false, timeouts={implicit=0, pageLoad=300000, script=30000}, pageLoadStrategy=normal, platform=MAC, specificationLevel=0, moz:accessibilityChecks=false, acceptInsecureCerts=false, browserVersion=55.0.3, platformVersion=16.7.0, moz:processID=1200, browserName=firefox, javascriptEnabled=true, platformName=MAC}]
Session ID: ea3c0be6-7c5c-9a46-ae8c-a8477d3c5200
*** Element info: {Using=css selector, value=.cA-cardsLoginSubmit.cA-DD-singon-buttom}
	at org.openqa.selenium.remote.http.W3CHttpResponseCodec.createException(W3CHttpResponseCodec.java:185)
	at org.openqa.selenium.remote.http.W3CHttpResponseCodec.decode(W3CHttpResponseCodec.java:120)
	at org.openqa.selenium.remote.http.W3CHttpResponseCodec.decode(W3CHttpResponseCodec.java:49)
	at org.openqa.selenium.remote.HttpCommandExecutor.execute(HttpCommandExecutor.java:164)
	at org.openqa.selenium.remote.service.DriverCommandExecutor.execute(DriverCommandExecutor.java:82)
	at org.openqa.selenium.remote.RemoteWebDriver.execute(RemoteWebDriver.java:646)
	at org.openqa.selenium.remote.RemoteWebDriver.findElement(RemoteWebDriver.java:416)
	at org.openqa.selenium.remote.RemoteWebDriver.findElementByCssSelector(RemoteWebDriver.java:510)
	at org.openqa.selenium.By$ByCssSelector.findElement(By.java:430)
	at org.openqa.selenium.remote.RemoteWebDriver.findElement(RemoteWebDriver.java:408)
	at Base.CommonAPI.clickbuttonbyCSS(CommonAPI.java:72)
	at Homepage.TestCreditCards.clickButtonByCSS(TestCreditCards.java:22)
	at java.util.concurrent.FutureTask.run(FutureTask.java:266)
	at java.util.concurrent.ThreadPoolExecutor.runWorker(ThreadPoolExecutor.java:1149)
	at java.util.concurrent.ThreadPoolExecutor$Worker.run(ThreadPoolExecutor.java:624)
	at java.lang.Thread.run(Thread.java:748)
... Removed 20 stack frames]]>
    </failure>
  </testcase> <!-- clickButtonByCSS -->
  <testcase name="clickButtonByXpath" time="10.027" classname="Homepage.TestCreditCards">
    <failure type="org.openqa.selenium.NoSuchElementException" message="Unable to locate element: .cA-DD-browseCards
For documentation on this error, please visit: http://seleniumhq.org/exceptions/no_such_element.html
Build info: version: &amp;apos;3.5.3&amp;apos;, revision: &amp;apos;a88d25fe6b&amp;apos;, time: &amp;apos;2017-08-29T12:42:44.417Z&amp;apos;
System info: host: &amp;apos;samis-MacBook-Pro.local&amp;apos;, ip: &amp;apos;fe80:0:0:0:1c0d:53b0:ca5d:9f39%en0&amp;apos;, os.name: &amp;apos;Mac OS X&amp;apos;, os.arch: &amp;apos;x86_64&amp;apos;, os.version: &amp;apos;10.12.6&amp;apos;, java.version: &amp;apos;1.8.0_144&amp;apos;
Driver info: org.openqa.selenium.firefox.FirefoxDriver
Capabilities [{moz:profile=/var/folders/1q/mcsr0m2x28d4ffr1ql92pmpc0000gn/T/rust_mozprofile.3tqbxa12cpRc, rotatable=false, timeouts={implicit=0, pageLoad=300000, script=30000}, pageLoadStrategy=normal, platform=MAC, specificationLevel=0, moz:accessibilityChecks=false, acceptInsecureCerts=false, browserVersion=55.0.3, platformVersion=16.7.0, moz:processID=1200, browserName=firefox, javascriptEnabled=true, platformName=MAC}]
Session ID: ea3c0be6-7c5c-9a46-ae8c-a8477d3c5200
*** Element info: {Using=css selector, value=.cA-DD-browseCards}">
      <![CDATA[org.openqa.selenium.NoSuchElementException: Unable to locate element: .cA-DD-browseCards
For documentation on this error, please visit: http://seleniumhq.org/exceptions/no_such_element.html
Build info: version: '3.5.3', revision: 'a88d25fe6b', time: '2017-08-29T12:42:44.417Z'
System info: host: 'samis-MacBook-Pro.local', ip: 'fe80:0:0:0:1c0d:53b0:ca5d:9f39%en0', os.name: 'Mac OS X', os.arch: 'x86_64', os.version: '10.12.6', java.version: '1.8.0_144'
Driver info: org.openqa.selenium.firefox.FirefoxDriver
Capabilities [{moz:profile=/var/folders/1q/mcsr0m2x28d4ffr1ql92pmpc0000gn/T/rust_mozprofile.3tqbxa12cpRc, rotatable=false, timeouts={implicit=0, pageLoad=300000, script=30000}, pageLoadStrategy=normal, platform=MAC, specificationLevel=0, moz:accessibilityChecks=false, acceptInsecureCerts=false, browserVersion=55.0.3, platformVersion=16.7.0, moz:processID=1200, browserName=firefox, javascriptEnabled=true, platformName=MAC}]
Session ID: ea3c0be6-7c5c-9a46-ae8c-a8477d3c5200
*** Element info: {Using=css selector, value=.cA-DD-browseCards}
	at org.openqa.selenium.remote.http.W3CHttpResponseCodec.createException(W3CHttpResponseCodec.java:185)
	at org.openqa.selenium.remote.http.W3CHttpResponseCodec.decode(W3CHttpResponseCodec.java:120)
	at org.openqa.selenium.remote.http.W3CHttpResponseCodec.decode(W3CHttpResponseCodec.java:49)
	at org.openqa.selenium.remote.HttpCommandExecutor.execute(HttpCommandExecutor.java:164)
	at org.openqa.selenium.remote.service.DriverCommandExecutor.execute(DriverCommandExecutor.java:82)
	at org.openqa.selenium.remote.RemoteWebDriver.execute(RemoteWebDriver.java:646)
	at org.openqa.selenium.remote.RemoteWebDriver.findElement(RemoteWebDriver.java:416)
	at org.openqa.selenium.remote.RemoteWebDriver.findElementByCssSelector(RemoteWebDriver.java:510)
	at org.openqa.selenium.By$ByCssSelector.findElement(By.java:430)
	at org.openqa.selenium.remote.RemoteWebDriver.findElement(RemoteWebDriver.java:408)
	at Base.CommonAPI.clickbuttonbyCSS(CommonAPI.java:72)
	at Homepage.TestCreditCards.clickButtonByXpath(TestCreditCards.java:26)
	at java.util.concurrent.FutureTask.run(FutureTask.java:266)
	at java.util.concurrent.ThreadPoolExecutor.runWorker(ThreadPoolExecutor.java:1149)
	at java.util.concurrent.ThreadPoolExecutor$Worker.run(ThreadPoolExecutor.java:624)
	at java.lang.Thread.run(Thread.java:748)
... Removed 20 stack frames]]>
    </failure>
  </testcase> <!-- clickButtonByXpath -->
  <testcase name="clickcreditcardTag" time="10.03" classname="Homepage.TestCreditCards">
    <failure type="org.openqa.selenium.NoSuchElementException" message="Unable to locate element: #creditCards&amp;gt;a
For documentation on this error, please visit: http://seleniumhq.org/exceptions/no_such_element.html
Build info: version: &amp;apos;3.5.3&amp;apos;, revision: &amp;apos;a88d25fe6b&amp;apos;, time: &amp;apos;2017-08-29T12:42:44.417Z&amp;apos;
System info: host: &amp;apos;samis-MacBook-Pro.local&amp;apos;, ip: &amp;apos;fe80:0:0:0:1c0d:53b0:ca5d:9f39%en0&amp;apos;, os.name: &amp;apos;Mac OS X&amp;apos;, os.arch: &amp;apos;x86_64&amp;apos;, os.version: &amp;apos;10.12.6&amp;apos;, java.version: &amp;apos;1.8.0_144&amp;apos;
Driver info: org.openqa.selenium.firefox.FirefoxDriver
Capabilities [{moz:profile=/var/folders/1q/mcsr0m2x28d4ffr1ql92pmpc0000gn/T/rust_mozprofile.3tqbxa12cpRc, rotatable=false, timeouts={implicit=0, pageLoad=300000, script=30000}, pageLoadStrategy=normal, platform=MAC, specificationLevel=0, moz:accessibilityChecks=false, acceptInsecureCerts=false, browserVersion=55.0.3, platformVersion=16.7.0, moz:processID=1200, browserName=firefox, javascriptEnabled=true, platformName=MAC}]
Session ID: ea3c0be6-7c5c-9a46-ae8c-a8477d3c5200
*** Element info: {Using=css selector, value=#creditCards&amp;gt;a}">
      <![CDATA[org.openqa.selenium.NoSuchElementException: Unable to locate element: #creditCards>a
For documentation on this error, please visit: http://seleniumhq.org/exceptions/no_such_element.html
Build info: version: '3.5.3', revision: 'a88d25fe6b', time: '2017-08-29T12:42:44.417Z'
System info: host: 'samis-MacBook-Pro.local', ip: 'fe80:0:0:0:1c0d:53b0:ca5d:9f39%en0', os.name: 'Mac OS X', os.arch: 'x86_64', os.version: '10.12.6', java.version: '1.8.0_144'
Driver info: org.openqa.selenium.firefox.FirefoxDriver
Capabilities [{moz:profile=/var/folders/1q/mcsr0m2x28d4ffr1ql92pmpc0000gn/T/rust_mozprofile.3tqbxa12cpRc, rotatable=false, timeouts={implicit=0, pageLoad=300000, script=30000}, pageLoadStrategy=normal, platform=MAC, specificationLevel=0, moz:accessibilityChecks=false, acceptInsecureCerts=false, browserVersion=55.0.3, platformVersion=16.7.0, moz:processID=1200, browserName=firefox, javascriptEnabled=true, platformName=MAC}]
Session ID: ea3c0be6-7c5c-9a46-ae8c-a8477d3c5200
*** Element info: {Using=css selector, value=#creditCards>a}
	at org.openqa.selenium.remote.http.W3CHttpResponseCodec.createException(W3CHttpResponseCodec.java:185)
	at org.openqa.selenium.remote.http.W3CHttpResponseCodec.decode(W3CHttpResponseCodec.java:120)
	at org.openqa.selenium.remote.http.W3CHttpResponseCodec.decode(W3CHttpResponseCodec.java:49)
	at org.openqa.selenium.remote.HttpCommandExecutor.execute(HttpCommandExecutor.java:164)
	at org.openqa.selenium.remote.service.DriverCommandExecutor.execute(DriverCommandExecutor.java:82)
	at org.openqa.selenium.remote.RemoteWebDriver.execute(RemoteWebDriver.java:646)
	at org.openqa.selenium.remote.RemoteWebDriver.findElement(RemoteWebDriver.java:416)
	at org.openqa.selenium.remote.RemoteWebDriver.findElementByCssSelector(RemoteWebDriver.java:510)
	at org.openqa.selenium.By$ByCssSelector.findElement(By.java:430)
	at org.openqa.selenium.remote.RemoteWebDriver.findElement(RemoteWebDriver.java:408)
	at Base.CommonAPI.clickbuttonbyCSS(CommonAPI.java:72)
	at Homepage.TestCreditCards.clickcreditcardTag(TestCreditCards.java:9)
	at java.util.concurrent.FutureTask.run(FutureTask.java:266)
	at java.util.concurrent.ThreadPoolExecutor.runWorker(ThreadPoolExecutor.java:1149)
	at java.util.concurrent.ThreadPoolExecutor$Worker.run(ThreadPoolExecutor.java:624)
	at java.lang.Thread.run(Thread.java:748)
... Removed 20 stack frames]]>
    </failure>
  </testcase> <!-- clickcreditcardTag -->
  <testcase name="searchByCSS" time="10.023" classname="Homepage.TestCreditCards">
    <failure type="org.openqa.selenium.NoSuchElementException" message="Unable to locate element: #cA-cardsUseridMasked
For documentation on this error, please visit: http://seleniumhq.org/exceptions/no_such_element.html
Build info: version: &amp;apos;3.5.3&amp;apos;, revision: &amp;apos;a88d25fe6b&amp;apos;, time: &amp;apos;2017-08-29T12:42:44.417Z&amp;apos;
System info: host: &amp;apos;samis-MacBook-Pro.local&amp;apos;, ip: &amp;apos;fe80:0:0:0:1c0d:53b0:ca5d:9f39%en0&amp;apos;, os.name: &amp;apos;Mac OS X&amp;apos;, os.arch: &amp;apos;x86_64&amp;apos;, os.version: &amp;apos;10.12.6&amp;apos;, java.version: &amp;apos;1.8.0_144&amp;apos;
Driver info: org.openqa.selenium.firefox.FirefoxDriver
Capabilities [{moz:profile=/var/folders/1q/mcsr0m2x28d4ffr1ql92pmpc0000gn/T/rust_mozprofile.3tqbxa12cpRc, rotatable=false, timeouts={implicit=0, pageLoad=300000, script=30000}, pageLoadStrategy=normal, platform=MAC, specificationLevel=0, moz:accessibilityChecks=false, acceptInsecureCerts=false, browserVersion=55.0.3, platformVersion=16.7.0, moz:processID=1200, browserName=firefox, javascriptEnabled=true, platformName=MAC}]
Session ID: ea3c0be6-7c5c-9a46-ae8c-a8477d3c5200
*** Element info: {Using=css selector, value=#cA-cardsUseridMasked}">
      <![CDATA[org.openqa.selenium.NoSuchElementException: Unable to locate element: #cA-cardsUseridMasked
For documentation on this error, please visit: http://seleniumhq.org/exceptions/no_such_element.html
Build info: version: '3.5.3', revision: 'a88d25fe6b', time: '2017-08-29T12:42:44.417Z'
System info: host: 'samis-MacBook-Pro.local', ip: 'fe80:0:0:0:1c0d:53b0:ca5d:9f39%en0', os.name: 'Mac OS X', os.arch: 'x86_64', os.version: '10.12.6', java.version: '1.8.0_144'
Driver info: org.openqa.selenium.firefox.FirefoxDriver
Capabilities [{moz:profile=/var/folders/1q/mcsr0m2x28d4ffr1ql92pmpc0000gn/T/rust_mozprofile.3tqbxa12cpRc, rotatable=false, timeouts={implicit=0, pageLoad=300000, script=30000}, pageLoadStrategy=normal, platform=MAC, specificationLevel=0, moz:accessibilityChecks=false, acceptInsecureCerts=false, browserVersion=55.0.3, platformVersion=16.7.0, moz:processID=1200, browserName=firefox, javascriptEnabled=true, platformName=MAC}]
Session ID: ea3c0be6-7c5c-9a46-ae8c-a8477d3c5200
*** Element info: {Using=css selector, value=#cA-cardsUseridMasked}
	at org.openqa.selenium.remote.http.W3CHttpResponseCodec.createException(W3CHttpResponseCodec.java:185)
	at org.openqa.selenium.remote.http.W3CHttpResponseCodec.decode(W3CHttpResponseCodec.java:120)
	at org.openqa.selenium.remote.http.W3CHttpResponseCodec.decode(W3CHttpResponseCodec.java:49)
	at org.openqa.selenium.remote.HttpCommandExecutor.execute(HttpCommandExecutor.java:164)
	at org.openqa.selenium.remote.service.DriverCommandExecutor.execute(DriverCommandExecutor.java:82)
	at org.openqa.selenium.remote.RemoteWebDriver.execute(RemoteWebDriver.java:646)
	at org.openqa.selenium.remote.RemoteWebDriver.findElement(RemoteWebDriver.java:416)
	at org.openqa.selenium.remote.RemoteWebDriver.findElementByCssSelector(RemoteWebDriver.java:510)
	at org.openqa.selenium.By$ByCssSelector.findElement(By.java:430)
	at org.openqa.selenium.remote.RemoteWebDriver.findElement(RemoteWebDriver.java:408)
	at Base.CommonAPI.searchByCSS(CommonAPI.java:63)
	at Homepage.TestCreditCards.searchByCSS(TestCreditCards.java:14)
	at java.util.concurrent.FutureTask.run(FutureTask.java:266)
	at java.util.concurrent.ThreadPoolExecutor.runWorker(ThreadPoolExecutor.java:1149)
	at java.util.concurrent.ThreadPoolExecutor$Worker.run(ThreadPoolExecutor.java:624)
	at java.lang.Thread.run(Thread.java:748)
... Removed 20 stack frames]]>
    </failure>
  </testcase> <!-- searchByCSS -->
  <testcase name="searchByXpath" time="10.025" classname="Homepage.TestCreditCards">
    <failure type="org.openqa.selenium.NoSuchElementException" message="Unable to locate element: .//*[@id=&amp;apos;PASSWORD&amp;apos;]
For documentation on this error, please visit: http://seleniumhq.org/exceptions/no_such_element.html
Build info: version: &amp;apos;3.5.3&amp;apos;, revision: &amp;apos;a88d25fe6b&amp;apos;, time: &amp;apos;2017-08-29T12:42:44.417Z&amp;apos;
System info: host: &amp;apos;samis-MacBook-Pro.local&amp;apos;, ip: &amp;apos;fe80:0:0:0:1c0d:53b0:ca5d:9f39%en0&amp;apos;, os.name: &amp;apos;Mac OS X&amp;apos;, os.arch: &amp;apos;x86_64&amp;apos;, os.version: &amp;apos;10.12.6&amp;apos;, java.version: &amp;apos;1.8.0_144&amp;apos;
Driver info: org.openqa.selenium.firefox.FirefoxDriver
Capabilities [{moz:profile=/var/folders/1q/mcsr0m2x28d4ffr1ql92pmpc0000gn/T/rust_mozprofile.3tqbxa12cpRc, rotatable=false, timeouts={implicit=0, pageLoad=300000, script=30000}, pageLoadStrategy=normal, platform=MAC, specificationLevel=0, moz:accessibilityChecks=false, acceptInsecureCerts=false, browserVersion=55.0.3, platformVersion=16.7.0, moz:processID=1200, browserName=firefox, javascriptEnabled=true, platformName=MAC}]
Session ID: ea3c0be6-7c5c-9a46-ae8c-a8477d3c5200
*** Element info: {Using=xpath, value=.//*[@id=&amp;apos;PASSWORD&amp;apos;]}">
      <![CDATA[org.openqa.selenium.NoSuchElementException: Unable to locate element: .//*[@id='PASSWORD']
For documentation on this error, please visit: http://seleniumhq.org/exceptions/no_such_element.html
Build info: version: '3.5.3', revision: 'a88d25fe6b', time: '2017-08-29T12:42:44.417Z'
System info: host: 'samis-MacBook-Pro.local', ip: 'fe80:0:0:0:1c0d:53b0:ca5d:9f39%en0', os.name: 'Mac OS X', os.arch: 'x86_64', os.version: '10.12.6', java.version: '1.8.0_144'
Driver info: org.openqa.selenium.firefox.FirefoxDriver
Capabilities [{moz:profile=/var/folders/1q/mcsr0m2x28d4ffr1ql92pmpc0000gn/T/rust_mozprofile.3tqbxa12cpRc, rotatable=false, timeouts={implicit=0, pageLoad=300000, script=30000}, pageLoadStrategy=normal, platform=MAC, specificationLevel=0, moz:accessibilityChecks=false, acceptInsecureCerts=false, browserVersion=55.0.3, platformVersion=16.7.0, moz:processID=1200, browserName=firefox, javascriptEnabled=true, platformName=MAC}]
Session ID: ea3c0be6-7c5c-9a46-ae8c-a8477d3c5200
*** Element info: {Using=xpath, value=.//*[@id='PASSWORD']}
	at org.openqa.selenium.remote.http.W3CHttpResponseCodec.createException(W3CHttpResponseCodec.java:185)
	at org.openqa.selenium.remote.http.W3CHttpResponseCodec.decode(W3CHttpResponseCodec.java:120)
	at org.openqa.selenium.remote.http.W3CHttpResponseCodec.decode(W3CHttpResponseCodec.java:49)
	at org.openqa.selenium.remote.HttpCommandExecutor.execute(HttpCommandExecutor.java:164)
	at org.openqa.selenium.remote.service.DriverCommandExecutor.execute(DriverCommandExecutor.java:82)
	at org.openqa.selenium.remote.RemoteWebDriver.execute(RemoteWebDriver.java:646)
	at org.openqa.selenium.remote.RemoteWebDriver.findElement(RemoteWebDriver.java:416)
	at org.openqa.selenium.remote.RemoteWebDriver.findElementByXPath(RemoteWebDriver.java:518)
	at org.openqa.selenium.By$ByXPath.findElement(By.java:361)
	at org.openqa.selenium.remote.RemoteWebDriver.findElement(RemoteWebDriver.java:408)
	at Base.CommonAPI.searchByXPath(CommonAPI.java:67)
	at Homepage.TestCreditCards.searchByXpath(TestCreditCards.java:18)
	at java.util.concurrent.FutureTask.run(FutureTask.java:266)
	at java.util.concurrent.ThreadPoolExecutor.runWorker(ThreadPoolExecutor.java:1149)
	at java.util.concurrent.ThreadPoolExecutor$Worker.run(ThreadPoolExecutor.java:624)
	at java.lang.Thread.run(Thread.java:748)
... Removed 20 stack frames]]>
    </failure>
  </testcase> <!-- searchByXpath -->
  <testcase name="@AfterTest cleanUp" time="0.0" classname="Base.CommonAPI">
    <ignored/>
  </testcase> <!-- @AfterTest cleanUp -->
  <testcase name="@AfterTest cleanUp" time="0.0" classname="Base.CommonAPI">
    <ignored/>
  </testcase> <!-- @AfterTest cleanUp -->
  <testcase name="@AfterTest cleanUp" time="0.0" classname="Base.CommonAPI">
    <ignored/>
  </testcase> <!-- @AfterTest cleanUp -->
  <testcase name="@BeforeTest setUp" time="0.0" classname="Base.CommonAPI">
    <ignored/>
  </testcase> <!-- @BeforeTest setUp -->
  <testcase name="@BeforeTest setUp" time="0.0" classname="Base.CommonAPI">
    <ignored/>
  </testcase> <!-- @BeforeTest setUp -->
  <testcase name="@BeforeTest setUp" time="0.0" classname="Base.CommonAPI">
    <ignored/>
  </testcase> <!-- @BeforeTest setUp -->
</testsuite> <!-- CitiBank -->
