<?xml version="1.0" encoding="UTF-8"?>
<testsuite xmlns:xsi="http://www.w3.org/2001/XMLSchema-instance" xsi:schemaLocation="https://maven.apache.org/surefire/maven-surefire-plugin/xsd/surefire-test-report.xsd" name="TestSuite" time="107.855" tests="19" errors="0" skipped="0" failures="5">
  <properties>
    <property name="idea.version" value="2017.2.2"/>
    <property name="java.runtime.name" value="Java(TM) SE Runtime Environment"/>
    <property name="sun.boot.library.path" value="/Library/Java/JavaVirtualMachines/jdk1.8.0_144.jdk/Contents/Home/jre/lib"/>
    <property name="java.vm.version" value="25.144-b01"/>
    <property name="gopherProxySet" value="false"/>
    <property name="java.vm.vendor" value="Oracle Corporation"/>
    <property name="maven.multiModuleProjectDirectory" value="/Users/samiakbar/IdeaProjects/Banking/Citibank"/>
    <property name="java.vendor.url" value="http://java.oracle.com/"/>
    <property name="path.separator" value=":"/>
    <property name="guice.disable.misplaced.annotation.check" value="true"/>
    <property name="java.vm.name" value="Java HotSpot(TM) 64-Bit Server VM"/>
    <property name="file.encoding.pkg" value="sun.io"/>
    <property name="user.country" value="US"/>
    <property name="sun.java.launcher" value="SUN_STANDARD"/>
    <property name="sun.os.patch.level" value="unknown"/>
    <property name="java.vm.specification.name" value="Java Virtual Machine Specification"/>
    <property name="user.dir" value="/Users/samiakbar/IdeaProjects/Banking/Citibank"/>
    <property name="java.runtime.version" value="1.8.0_144-b01"/>
    <property name="java.awt.graphicsenv" value="sun.awt.CGraphicsEnvironment"/>
    <property name="java.endorsed.dirs" value="/Library/Java/JavaVirtualMachines/jdk1.8.0_144.jdk/Contents/Home/jre/lib/endorsed"/>
    <property name="os.arch" value="x86_64"/>
    <property name="java.io.tmpdir" value="/var/folders/1q/mcsr0m2x28d4ffr1ql92pmpc0000gn/T/"/>
    <property name="line.separator" value="&#10;"/>
    <property name="java.vm.specification.vendor" value="Oracle Corporation"/>
    <property name="os.name" value="Mac OS X"/>
    <property name="classworlds.conf" value="/Applications/IntelliJ IDEA CE.app/Contents/plugins/maven/lib/maven3/bin/m2.conf"/>
    <property name="sun.jnu.encoding" value="UTF-8"/>
    <property name="java.library.path" value="/Users/samiakbar/Library/Java/Extensions:/Library/Java/Extensions:/Network/Library/Java/Extensions:/System/Library/Java/Extensions:/usr/lib/java:."/>
    <property name="java.specification.name" value="Java Platform API Specification"/>
    <property name="java.class.version" value="52.0"/>
    <property name="sun.management.compiler" value="HotSpot 64-Bit Tiered Compilers"/>
    <property name="os.version" value="10.12.6"/>
    <property name="http.nonProxyHosts" value="local|*.local|169.254/16|*.169.254/16"/>
    <property name="user.home" value="/Users/samiakbar"/>
    <property name="user.timezone" value="America/New_York"/>
    <property name="java.awt.printerjob" value="sun.lwawt.macosx.CPrinterJob"/>
    <property name="java.specification.version" value="1.8"/>
    <property name="file.encoding" value="UTF-8"/>
    <property name="user.name" value="samiakbar"/>
    <property name="java.class.path" value="/Applications/IntelliJ IDEA CE.app/Contents/plugins/maven/lib/maven3/boot/plexus-classworlds-2.5.2.jar:/Applications/IntelliJ IDEA CE.app/Contents/lib/idea_rt.jar"/>
    <property name="java.vm.specification.version" value="1.8"/>
    <property name="sun.arch.data.model" value="64"/>
    <property name="java.home" value="/Library/Java/JavaVirtualMachines/jdk1.8.0_144.jdk/Contents/Home/jre"/>
    <property name="sun.java.command" value="org.codehaus.classworlds.Launcher -Didea.version=2017.2.2 test"/>
    <property name="java.specification.vendor" value="Oracle Corporation"/>
    <property name="user.language" value="en"/>
    <property name="awt.toolkit" value="sun.lwawt.macosx.LWCToolkit"/>
    <property name="java.vm.info" value="mixed mode"/>
    <property name="java.version" value="1.8.0_144"/>
    <property name="java.ext.dirs" value="/Users/samiakbar/Library/Java/Extensions:/Library/Java/JavaVirtualMachines/jdk1.8.0_144.jdk/Contents/Home/jre/lib/ext:/Library/Java/Extensions:/Network/Library/Java/Extensions:/System/Library/Java/Extensions:/usr/lib/java"/>
    <property name="sun.boot.class.path" value="/Library/Java/JavaVirtualMachines/jdk1.8.0_144.jdk/Contents/Home/jre/lib/resources.jar:/Library/Java/JavaVirtualMachines/jdk1.8.0_144.jdk/Contents/Home/jre/lib/rt.jar:/Library/Java/JavaVirtualMachines/jdk1.8.0_144.jdk/Contents/Home/jre/lib/sunrsasign.jar:/Library/Java/JavaVirtualMachines/jdk1.8.0_144.jdk/Contents/Home/jre/lib/jsse.jar:/Library/Java/JavaVirtualMachines/jdk1.8.0_144.jdk/Contents/Home/jre/lib/jce.jar:/Library/Java/JavaVirtualMachines/jdk1.8.0_144.jdk/Contents/Home/jre/lib/charsets.jar:/Library/Java/JavaVirtualMachines/jdk1.8.0_144.jdk/Contents/Home/jre/lib/jfr.jar:/Library/Java/JavaVirtualMachines/jdk1.8.0_144.jdk/Contents/Home/jre/classes"/>
    <property name="java.vendor" value="Oracle Corporation"/>
    <property name="maven.home" value="/Applications/IntelliJ IDEA CE.app/Contents/plugins/maven/lib/maven3"/>
    <property name="file.separator" value="/"/>
    <property name="java.vendor.url.bug" value="http://bugreport.sun.com/bugreport/"/>
    <property name="sun.cpu.endian" value="little"/>
    <property name="sun.io.unicode.encoding" value="UnicodeBig"/>
    <property name="socksNonProxyHosts" value="local|*.local|169.254/16|*.169.254/16"/>
    <property name="ftp.nonProxyHosts" value="local|*.local|169.254/16|*.169.254/16"/>
    <property name="sun.cpu.isalist" value=""/>
  </properties>
  <testcase name="CitiBankTitle" classname="Homepage.TestHomepage" time="0.268"/>
  <testcase name="Citibanklogo" classname="Homepage.TestHomepage" time="0.18"/>
  <testcase name="Citibankurl" classname="Homepage.TestHomepage" time="0.006"/>
  <testcase name="CreditcardTitle" classname="Homepage.TestHomepage" time="0.224"/>
  <testcase name="brokenlinksInHP" classname="Homepage.TestHomepage" time="43.689"/>
  <testcase name="clickBankingTab" classname="Homepage.TestHomepage" time="0.304"/>
  <testcase name="clickcitigoldTab" classname="Homepage.TestHomepage" time="1.52"/>
  <testcase name="clickcreditcardTag" classname="Homepage.TestHomepage" time="0.296"/>
  <testcase name="clickinvestingTab" classname="Homepage.TestHomepage" time="1.883"/>
  <testcase name="clicklandingTab" classname="Homepage.TestHomepage" time="1.997"/>
  <testcase name="clickSignin" classname="Homepage.Login" time="0.44"/>
  <testcase name="inputpassword" classname="Homepage.Login" time="0.127"/>
  <testcase name="inputuserid" classname="Homepage.Login" time="0.215"/>
  <testcase name="searchforATM" classname="Homepage.LocateATMByZipcode" time="0.096"/>
  <testcase name="clickButtonByCSS" classname="Homepage.TestCreditCards" time="10.086">
    <failure message="Unable to locate element: .cA-cardsLoginSubmit.cA-DD-singon-buttom&#10;For documentation on this error, please visit: http://seleniumhq.org/exceptions/no_such_element.html&#10;Build info: version: &apos;3.5.3&apos;, revision: &apos;a88d25fe6b&apos;, time: &apos;2017-08-29T12:42:44.417Z&apos;&#10;System info: host: &apos;samis-MacBook-Pro.local&apos;, ip: &apos;fe80:0:0:0:1c0d:53b0:ca5d:9f39%en0&apos;, os.name: &apos;Mac OS X&apos;, os.arch: &apos;x86_64&apos;, os.version: &apos;10.12.6&apos;, java.version: &apos;1.8.0_144&apos;&#10;Driver info: org.openqa.selenium.firefox.FirefoxDriver&#10;Capabilities [{moz:profile=/var/folders/1q/mcsr0m2x28d4ffr1ql92pmpc0000gn/T/rust_mozprofile.3tqbxa12cpRc, rotatable=false, timeouts={implicit=0, pageLoad=300000, script=30000}, pageLoadStrategy=normal, platform=MAC, specificationLevel=0, moz:accessibilityChecks=false, acceptInsecureCerts=false, browserVersion=55.0.3, platformVersion=16.7.0, moz:processID=1200, browserName=firefox, javascriptEnabled=true, platformName=MAC}]&#10;Session ID: ea3c0be6-7c5c-9a46-ae8c-a8477d3c5200&#10;*** Element info: {Using=css selector, value=.cA-cardsLoginSubmit.cA-DD-singon-buttom}" type="org.openqa.selenium.NoSuchElementException">org.openqa.selenium.NoSuchElementException: 
Unable to locate element: .cA-cardsLoginSubmit.cA-DD-singon-buttom
For documentation on this error, please visit: http://seleniumhq.org/exceptions/no_such_element.html
Build info: version: '3.5.3', revision: 'a88d25fe6b', time: '2017-08-29T12:42:44.417Z'
System info: host: 'samis-MacBook-Pro.local', ip: 'fe80:0:0:0:1c0d:53b0:ca5d:9f39%en0', os.name: 'Mac OS X', os.arch: 'x86_64', os.version: '10.12.6', java.version: '1.8.0_144'
Driver info: org.openqa.selenium.firefox.FirefoxDriver
Capabilities [{moz:profile=/var/folders/1q/mcsr0m2x28d4ffr1ql92pmpc0000gn/T/rust_mozprofile.3tqbxa12cpRc, rotatable=false, timeouts={implicit=0, pageLoad=300000, script=30000}, pageLoadStrategy=normal, platform=MAC, specificationLevel=0, moz:accessibilityChecks=false, acceptInsecureCerts=false, browserVersion=55.0.3, platformVersion=16.7.0, moz:processID=1200, browserName=firefox, javascriptEnabled=true, platformName=MAC}]
Session ID: ea3c0be6-7c5c-9a46-ae8c-a8477d3c5200
*** Element info: {Using=css selector, value=.cA-cardsLoginSubmit.cA-DD-singon-buttom}
	at Homepage.TestCreditCards.clickButtonByCSS(TestCreditCards.java:22)
</failure>
    <system-err><![CDATA[JavaScript error: https://online.citi.com/JSO/js/FormsModule.js, line 2233: SyntaxError: missing ; before statement
JavaScript warning: https://online.citi.com/JSO/js/Citi_TA.min.js, line 12: unreachable code after return statement
JavaScript warning: https://online.citi.com/JSO/js/Citi_TA.min.js, line 12: unreachable code after return statement
]]></system-err>
  </testcase>
  <testcase name="clickButtonByXpath" classname="Homepage.TestCreditCards" time="10.028">
    <failure message="Unable to locate element: .cA-DD-browseCards&#10;For documentation on this error, please visit: http://seleniumhq.org/exceptions/no_such_element.html&#10;Build info: version: &apos;3.5.3&apos;, revision: &apos;a88d25fe6b&apos;, time: &apos;2017-08-29T12:42:44.417Z&apos;&#10;System info: host: &apos;samis-MacBook-Pro.local&apos;, ip: &apos;fe80:0:0:0:1c0d:53b0:ca5d:9f39%en0&apos;, os.name: &apos;Mac OS X&apos;, os.arch: &apos;x86_64&apos;, os.version: &apos;10.12.6&apos;, java.version: &apos;1.8.0_144&apos;&#10;Driver info: org.openqa.selenium.firefox.FirefoxDriver&#10;Capabilities [{moz:profile=/var/folders/1q/mcsr0m2x28d4ffr1ql92pmpc0000gn/T/rust_mozprofile.3tqbxa12cpRc, rotatable=false, timeouts={implicit=0, pageLoad=300000, script=30000}, pageLoadStrategy=normal, platform=MAC, specificationLevel=0, moz:accessibilityChecks=false, acceptInsecureCerts=false, browserVersion=55.0.3, platformVersion=16.7.0, moz:processID=1200, browserName=firefox, javascriptEnabled=true, platformName=MAC}]&#10;Session ID: ea3c0be6-7c5c-9a46-ae8c-a8477d3c5200&#10;*** Element info: {Using=css selector, value=.cA-DD-browseCards}" type="org.openqa.selenium.NoSuchElementException">org.openqa.selenium.NoSuchElementException: 
Unable to locate element: .cA-DD-browseCards
For documentation on this error, please visit: http://seleniumhq.org/exceptions/no_such_element.html
Build info: version: '3.5.3', revision: 'a88d25fe6b', time: '2017-08-29T12:42:44.417Z'
System info: host: 'samis-MacBook-Pro.local', ip: 'fe80:0:0:0:1c0d:53b0:ca5d:9f39%en0', os.name: 'Mac OS X', os.arch: 'x86_64', os.version: '10.12.6', java.version: '1.8.0_144'
Driver info: org.openqa.selenium.firefox.FirefoxDriver
Capabilities [{moz:profile=/var/folders/1q/mcsr0m2x28d4ffr1ql92pmpc0000gn/T/rust_mozprofile.3tqbxa12cpRc, rotatable=false, timeouts={implicit=0, pageLoad=300000, script=30000}, pageLoadStrategy=normal, platform=MAC, specificationLevel=0, moz:accessibilityChecks=false, acceptInsecureCerts=false, browserVersion=55.0.3, platformVersion=16.7.0, moz:processID=1200, browserName=firefox, javascriptEnabled=true, platformName=MAC}]
Session ID: ea3c0be6-7c5c-9a46-ae8c-a8477d3c5200
*** Element info: {Using=css selector, value=.cA-DD-browseCards}
	at Homepage.TestCreditCards.clickButtonByXpath(TestCreditCards.java:26)
</failure>
  </testcase>
  <testcase name="clickcreditcardTag" classname="Homepage.TestCreditCards" time="10.031">
    <failure message="Unable to locate element: #creditCards&gt;a&#10;For documentation on this error, please visit: http://seleniumhq.org/exceptions/no_such_element.html&#10;Build info: version: &apos;3.5.3&apos;, revision: &apos;a88d25fe6b&apos;, time: &apos;2017-08-29T12:42:44.417Z&apos;&#10;System info: host: &apos;samis-MacBook-Pro.local&apos;, ip: &apos;fe80:0:0:0:1c0d:53b0:ca5d:9f39%en0&apos;, os.name: &apos;Mac OS X&apos;, os.arch: &apos;x86_64&apos;, os.version: &apos;10.12.6&apos;, java.version: &apos;1.8.0_144&apos;&#10;Driver info: org.openqa.selenium.firefox.FirefoxDriver&#10;Capabilities [{moz:profile=/var/folders/1q/mcsr0m2x28d4ffr1ql92pmpc0000gn/T/rust_mozprofile.3tqbxa12cpRc, rotatable=false, timeouts={implicit=0, pageLoad=300000, script=30000}, pageLoadStrategy=normal, platform=MAC, specificationLevel=0, moz:accessibilityChecks=false, acceptInsecureCerts=false, browserVersion=55.0.3, platformVersion=16.7.0, moz:processID=1200, browserName=firefox, javascriptEnabled=true, platformName=MAC}]&#10;Session ID: ea3c0be6-7c5c-9a46-ae8c-a8477d3c5200&#10;*** Element info: {Using=css selector, value=#creditCards&gt;a}" type="org.openqa.selenium.NoSuchElementException">org.openqa.selenium.NoSuchElementException: 
Unable to locate element: #creditCards>a
For documentation on this error, please visit: http://seleniumhq.org/exceptions/no_such_element.html
Build info: version: '3.5.3', revision: 'a88d25fe6b', time: '2017-08-29T12:42:44.417Z'
System info: host: 'samis-MacBook-Pro.local', ip: 'fe80:0:0:0:1c0d:53b0:ca5d:9f39%en0', os.name: 'Mac OS X', os.arch: 'x86_64', os.version: '10.12.6', java.version: '1.8.0_144'
Driver info: org.openqa.selenium.firefox.FirefoxDriver
Capabilities [{moz:profile=/var/folders/1q/mcsr0m2x28d4ffr1ql92pmpc0000gn/T/rust_mozprofile.3tqbxa12cpRc, rotatable=false, timeouts={implicit=0, pageLoad=300000, script=30000}, pageLoadStrategy=normal, platform=MAC, specificationLevel=0, moz:accessibilityChecks=false, acceptInsecureCerts=false, browserVersion=55.0.3, platformVersion=16.7.0, moz:processID=1200, browserName=firefox, javascriptEnabled=true, platformName=MAC}]
Session ID: ea3c0be6-7c5c-9a46-ae8c-a8477d3c5200
*** Element info: {Using=css selector, value=#creditCards>a}
	at Homepage.TestCreditCards.clickcreditcardTag(TestCreditCards.java:9)
</failure>
  </testcase>
  <testcase name="searchByCSS" classname="Homepage.TestCreditCards" time="10.024">
    <failure message="Unable to locate element: #cA-cardsUseridMasked&#10;For documentation on this error, please visit: http://seleniumhq.org/exceptions/no_such_element.html&#10;Build info: version: &apos;3.5.3&apos;, revision: &apos;a88d25fe6b&apos;, time: &apos;2017-08-29T12:42:44.417Z&apos;&#10;System info: host: &apos;samis-MacBook-Pro.local&apos;, ip: &apos;fe80:0:0:0:1c0d:53b0:ca5d:9f39%en0&apos;, os.name: &apos;Mac OS X&apos;, os.arch: &apos;x86_64&apos;, os.version: &apos;10.12.6&apos;, java.version: &apos;1.8.0_144&apos;&#10;Driver info: org.openqa.selenium.firefox.FirefoxDriver&#10;Capabilities [{moz:profile=/var/folders/1q/mcsr0m2x28d4ffr1ql92pmpc0000gn/T/rust_mozprofile.3tqbxa12cpRc, rotatable=false, timeouts={implicit=0, pageLoad=300000, script=30000}, pageLoadStrategy=normal, platform=MAC, specificationLevel=0, moz:accessibilityChecks=false, acceptInsecureCerts=false, browserVersion=55.0.3, platformVersion=16.7.0, moz:processID=1200, browserName=firefox, javascriptEnabled=true, platformName=MAC}]&#10;Session ID: ea3c0be6-7c5c-9a46-ae8c-a8477d3c5200&#10;*** Element info: {Using=css selector, value=#cA-cardsUseridMasked}" type="org.openqa.selenium.NoSuchElementException">org.openqa.selenium.NoSuchElementException: 
Unable to locate element: #cA-cardsUseridMasked
For documentation on this error, please visit: http://seleniumhq.org/exceptions/no_such_element.html
Build info: version: '3.5.3', revision: 'a88d25fe6b', time: '2017-08-29T12:42:44.417Z'
System info: host: 'samis-MacBook-Pro.local', ip: 'fe80:0:0:0:1c0d:53b0:ca5d:9f39%en0', os.name: 'Mac OS X', os.arch: 'x86_64', os.version: '10.12.6', java.version: '1.8.0_144'
Driver info: org.openqa.selenium.firefox.FirefoxDriver
Capabilities [{moz:profile=/var/folders/1q/mcsr0m2x28d4ffr1ql92pmpc0000gn/T/rust_mozprofile.3tqbxa12cpRc, rotatable=false, timeouts={implicit=0, pageLoad=300000, script=30000}, pageLoadStrategy=normal, platform=MAC, specificationLevel=0, moz:accessibilityChecks=false, acceptInsecureCerts=false, browserVersion=55.0.3, platformVersion=16.7.0, moz:processID=1200, browserName=firefox, javascriptEnabled=true, platformName=MAC}]
Session ID: ea3c0be6-7c5c-9a46-ae8c-a8477d3c5200
*** Element info: {Using=css selector, value=#cA-cardsUseridMasked}
	at Homepage.TestCreditCards.searchByCSS(TestCreditCards.java:14)
</failure>
  </testcase>
  <testcase name="searchByXpath" classname="Homepage.TestCreditCards" time="10.025">
    <failure message="Unable to locate element: .//*[@id=&apos;PASSWORD&apos;]&#10;For documentation on this error, please visit: http://seleniumhq.org/exceptions/no_such_element.html&#10;Build info: version: &apos;3.5.3&apos;, revision: &apos;a88d25fe6b&apos;, time: &apos;2017-08-29T12:42:44.417Z&apos;&#10;System info: host: &apos;samis-MacBook-Pro.local&apos;, ip: &apos;fe80:0:0:0:1c0d:53b0:ca5d:9f39%en0&apos;, os.name: &apos;Mac OS X&apos;, os.arch: &apos;x86_64&apos;, os.version: &apos;10.12.6&apos;, java.version: &apos;1.8.0_144&apos;&#10;Driver info: org.openqa.selenium.firefox.FirefoxDriver&#10;Capabilities [{moz:profile=/var/folders/1q/mcsr0m2x28d4ffr1ql92pmpc0000gn/T/rust_mozprofile.3tqbxa12cpRc, rotatable=false, timeouts={implicit=0, pageLoad=300000, script=30000}, pageLoadStrategy=normal, platform=MAC, specificationLevel=0, moz:accessibilityChecks=false, acceptInsecureCerts=false, browserVersion=55.0.3, platformVersion=16.7.0, moz:processID=1200, browserName=firefox, javascriptEnabled=true, platformName=MAC}]&#10;Session ID: ea3c0be6-7c5c-9a46-ae8c-a8477d3c5200&#10;*** Element info: {Using=xpath, value=.//*[@id=&apos;PASSWORD&apos;]}" type="org.openqa.selenium.NoSuchElementException">org.openqa.selenium.NoSuchElementException: 
Unable to locate element: .//*[@id='PASSWORD']
For documentation on this error, please visit: http://seleniumhq.org/exceptions/no_such_element.html
Build info: version: '3.5.3', revision: 'a88d25fe6b', time: '2017-08-29T12:42:44.417Z'
System info: host: 'samis-MacBook-Pro.local', ip: 'fe80:0:0:0:1c0d:53b0:ca5d:9f39%en0', os.name: 'Mac OS X', os.arch: 'x86_64', os.version: '10.12.6', java.version: '1.8.0_144'
Driver info: org.openqa.selenium.firefox.FirefoxDriver
Capabilities [{moz:profile=/var/folders/1q/mcsr0m2x28d4ffr1ql92pmpc0000gn/T/rust_mozprofile.3tqbxa12cpRc, rotatable=false, timeouts={implicit=0, pageLoad=300000, script=30000}, pageLoadStrategy=normal, platform=MAC, specificationLevel=0, moz:accessibilityChecks=false, acceptInsecureCerts=false, browserVersion=55.0.3, platformVersion=16.7.0, moz:processID=1200, browserName=firefox, javascriptEnabled=true, platformName=MAC}]
Session ID: ea3c0be6-7c5c-9a46-ae8c-a8477d3c5200
*** Element info: {Using=xpath, value=.//*[@id='PASSWORD']}
	at Homepage.TestCreditCards.searchByXpath(TestCreditCards.java:18)
</failure>
  </testcase>
</testsuite>