<?xml version="1.0" encoding="UTF-8"?>
<testng-results skipped="0" failed="5" ignored="6" total="25" passed="14">
  <reporter-output>
  </reporter-output>
  <suite name="CitiBank" duration-ms="107395" started-at="2017-09-16T19:17:19Z" finished-at="2017-09-16T19:19:06Z">
    <groups>
    </groups>
    <test name="CitiBank" duration-ms="107395" started-at="2017-09-16T19:17:19Z" finished-at="2017-09-16T19:19:06Z">
      <class name="Homepage.TestHomepage">
        <test-method status="PASS" signature="setUp(java.lang.String, java.lang.String, java.lang.String)[pri:0, instance:Homepage.TestHomepage@5d624da6]" name="setUp" is-config="true" duration-ms="5646" started-at="2017-09-16T15:17:19Z" finished-at="2017-09-16T15:17:25Z">
          <params>
            <param index="0">
              <value>
                <![CDATA[firefox]]>
              </value>
            </param>
            <param index="1">
              <value>
                <![CDATA[http://citibank.com]]>
              </value>
            </param>
            <param index="2">
              <value>
                <![CDATA[OS X]]>
              </value>
            </param>
          </params>
          <reporter-output>
          </reporter-output>
        </test-method> <!-- setUp -->
        <test-method status="PASS" signature="CitiBankTitle()[pri:0, instance:Homepage.TestHomepage@5d624da6]" name="CitiBankTitle" duration-ms="268" started-at="2017-09-16T15:17:25Z" finished-at="2017-09-16T15:17:25Z">
          <reporter-output>
          </reporter-output>
        </test-method> <!-- CitiBankTitle -->
        <test-method status="PASS" signature="Citibanklogo()[pri:0, instance:Homepage.TestHomepage@5d624da6]" name="Citibanklogo" duration-ms="161" started-at="2017-09-16T15:17:25Z" finished-at="2017-09-16T15:17:25Z">
          <reporter-output>
          </reporter-output>
        </test-method> <!-- Citibanklogo -->
        <test-method status="PASS" signature="Citibankurl()[pri:0, instance:Homepage.TestHomepage@5d624da6]" name="Citibankurl" duration-ms="25" started-at="2017-09-16T15:17:25Z" finished-at="2017-09-16T15:17:25Z">
          <reporter-output>
          </reporter-output>
        </test-method> <!-- Citibankurl -->
        <test-method status="PASS" signature="CreditcardTitle()[pri:0, instance:Homepage.TestHomepage@5d624da6]" name="CreditcardTitle" duration-ms="223" started-at="2017-09-16T15:17:25Z" finished-at="2017-09-16T15:17:25Z">
          <reporter-output>
          </reporter-output>
        </test-method> <!-- CreditcardTitle -->
        <test-method status="PASS" signature="brokenlinksInHP()[pri:0, instance:Homepage.TestHomepage@5d624da6]" name="brokenlinksInHP" duration-ms="43689" started-at="2017-09-16T15:17:25Z" finished-at="2017-09-16T15:18:09Z">
          <reporter-output>
          </reporter-output>
        </test-method> <!-- brokenlinksInHP -->
        <test-method status="PASS" signature="clickBankingTab()[pri:0, instance:Homepage.TestHomepage@5d624da6]" name="clickBankingTab" duration-ms="303" started-at="2017-09-16T15:18:09Z" finished-at="2017-09-16T15:18:09Z">
          <reporter-output>
          </reporter-output>
        </test-method> <!-- clickBankingTab -->
        <test-method status="PASS" signature="clickcitigoldTab()[pri:0, instance:Homepage.TestHomepage@5d624da6]" name="clickcitigoldTab" duration-ms="1520" started-at="2017-09-16T15:18:09Z" finished-at="2017-09-16T15:18:11Z">
          <reporter-output>
          </reporter-output>
        </test-method> <!-- clickcitigoldTab -->
        <test-method status="PASS" signature="clickcreditcardTag()[pri:0, instance:Homepage.TestHomepage@5d624da6]" name="clickcreditcardTag" duration-ms="296" started-at="2017-09-16T15:18:11Z" finished-at="2017-09-16T15:18:11Z">
          <reporter-output>
          </reporter-output>
        </test-method> <!-- clickcreditcardTag -->
        <test-method status="PASS" signature="clickinvestingTab()[pri:0, instance:Homepage.TestHomepage@5d624da6]" name="clickinvestingTab" duration-ms="1884" started-at="2017-09-16T15:18:11Z" finished-at="2017-09-16T15:18:13Z">
          <reporter-output>
          </reporter-output>
        </test-method> <!-- clickinvestingTab -->
        <test-method status="PASS" signature="clicklandingTab()[pri:0, instance:Homepage.TestHomepage@5d624da6]" name="clicklandingTab" duration-ms="1996" started-at="2017-09-16T15:18:13Z" finished-at="2017-09-16T15:18:15Z">
          <reporter-output>
          </reporter-output>
        </test-method> <!-- clicklandingTab -->
        <test-method status="PASS" signature="cleanUp()[pri:0, instance:Homepage.TestHomepage@5d624da6]" name="cleanUp" is-config="true" duration-ms="289" started-at="2017-09-16T15:19:06Z" finished-at="2017-09-16T15:19:06Z">
          <reporter-output>
          </reporter-output>
        </test-method> <!-- cleanUp -->
      </class> <!-- Homepage.TestHomepage -->
      <class name="Homepage.Login">
        <test-method status="PASS" signature="clickSignin()[pri:0, instance:Homepage.Login@1e67b872]" name="clickSignin" duration-ms="439" started-at="2017-09-16T15:18:15Z" finished-at="2017-09-16T15:18:15Z">
          <reporter-output>
          </reporter-output>
        </test-method> <!-- clickSignin -->
        <test-method status="PASS" signature="inputpassword()[pri:0, instance:Homepage.Login@1e67b872]" name="inputpassword" duration-ms="126" started-at="2017-09-16T15:18:15Z" finished-at="2017-09-16T15:18:15Z">
          <reporter-output>
          </reporter-output>
        </test-method> <!-- inputpassword -->
        <test-method status="PASS" signature="inputuserid()[pri:0, instance:Homepage.Login@1e67b872]" name="inputuserid" duration-ms="215" started-at="2017-09-16T15:18:15Z" finished-at="2017-09-16T15:18:16Z">
          <reporter-output>
          </reporter-output>
        </test-method> <!-- inputuserid -->
      </class> <!-- Homepage.Login -->
      <class name="Homepage.TestCreditCards">
        <test-method status="FAIL" signature="clickButtonByCSS()[pri:0, instance:Homepage.TestCreditCards@3f2a3a5]" name="clickButtonByCSS" duration-ms="10079" started-at="2017-09-16T15:18:16Z" finished-at="2017-09-16T15:18:26Z">
          <exception class="org.openqa.selenium.NoSuchElementException">
            <message>
              <![CDATA[Unable to locate element: .cA-cardsLoginSubmit.cA-DD-singon-buttom
For documentation on this error, please visit: http://seleniumhq.org/exceptions/no_such_element.html
Build info: version: '3.5.3', revision: 'a88d25fe6b', time: '2017-08-29T12:42:44.417Z'
System info: host: 'samis-MacBook-Pro.local', ip: 'fe80:0:0:0:1c0d:53b0:ca5d:9f39%en0', os.name: 'Mac OS X', os.arch: 'x86_64', os.version: '10.12.6', java.version: '1.8.0_144'
Driver info: org.openqa.selenium.firefox.FirefoxDriver
Capabilities [{moz:profile=/var/folders/1q/mcsr0m2x28d4ffr1ql92pmpc0000gn/T/rust_mozprofile.3tqbxa12cpRc, rotatable=false, timeouts={implicit=0, pageLoad=300000, script=30000}, pageLoadStrategy=normal, platform=MAC, specificationLevel=0, moz:accessibilityChecks=false, acceptInsecureCerts=false, browserVersion=55.0.3, platformVersion=16.7.0, moz:processID=1200, browserName=firefox, javascriptEnabled=true, platformName=MAC}]
Session ID: ea3c0be6-7c5c-9a46-ae8c-a8477d3c5200
*** Element info: {Using=css selector, value=.cA-cardsLoginSubmit.cA-DD-singon-buttom}]]>
            </message>
            <full-stacktrace>
              <![CDATA[org.openqa.selenium.NoSuchElementException: Unable to locate element: .cA-cardsLoginSubmit.cA-DD-singon-buttom
For documentation on this error, please visit: http://seleniumhq.org/exceptions/no_such_element.html
Build info: version: '3.5.3', revision: 'a88d25fe6b', time: '2017-08-29T12:42:44.417Z'
System info: host: 'samis-MacBook-Pro.local', ip: 'fe80:0:0:0:1c0d:53b0:ca5d:9f39%en0', os.name: 'Mac OS X', os.arch: 'x86_64', os.version: '10.12.6', java.version: '1.8.0_144'
Driver info: org.openqa.selenium.firefox.FirefoxDriver
Capabilities [{moz:profile=/var/folders/1q/mcsr0m2x28d4ffr1ql92pmpc0000gn/T/rust_mozprofile.3tqbxa12cpRc, rotatable=false, timeouts={implicit=0, pageLoad=300000, script=30000}, pageLoadStrategy=normal, platform=MAC, specificationLevel=0, moz:accessibilityChecks=false, acceptInsecureCerts=false, browserVersion=55.0.3, platformVersion=16.7.0, moz:processID=1200, browserName=firefox, javascriptEnabled=true, platformName=MAC}]
Session ID: ea3c0be6-7c5c-9a46-ae8c-a8477d3c5200
*** Element info: {Using=css selector, value=.cA-cardsLoginSubmit.cA-DD-singon-buttom}
	at sun.reflect.NativeConstructorAccessorImpl.newInstance0(Native Method)
	at sun.reflect.NativeConstructorAccessorImpl.newInstance(NativeConstructorAccessorImpl.java:62)
	at sun.reflect.DelegatingConstructorAccessorImpl.newInstance(DelegatingConstructorAccessorImpl.java:45)
	at java.lang.reflect.Constructor.newInstance(Constructor.java:423)
	at org.openqa.selenium.remote.http.W3CHttpResponseCodec.createException(W3CHttpResponseCodec.java:185)
	at org.openqa.selenium.remote.http.W3CHttpResponseCodec.decode(W3CHttpResponseCodec.java:120)
	at org.openqa.selenium.remote.http.W3CHttpResponseCodec.decode(W3CHttpResponseCodec.java:49)
	at org.openqa.selenium.remote.HttpCommandExecutor.execute(HttpCommandExecutor.java:164)
	at org.openqa.selenium.remote.service.DriverCommandExecutor.execute(DriverCommandExecutor.java:82)
	at org.openqa.selenium.remote.RemoteWebDriver.execute(RemoteWebDriver.java:646)
	at org.openqa.selenium.remote.RemoteWebDriver.findElement(RemoteWebDriver.java:416)
	at org.openqa.selenium.remote.RemoteWebDriver.findElementByCssSelector(RemoteWebDriver.java:510)
	at org.openqa.selenium.By$ByCssSelector.findElement(By.java:430)
	at org.openqa.selenium.remote.RemoteWebDriver.findElement(RemoteWebDriver.java:408)
	at Base.CommonAPI.clickbuttonbyCSS(CommonAPI.java:72)
	at Homepage.TestCreditCards.clickButtonByCSS(TestCreditCards.java:22)
	at sun.reflect.NativeMethodAccessorImpl.invoke0(Native Method)
	at sun.reflect.NativeMethodAccessorImpl.invoke(NativeMethodAccessorImpl.java:62)
	at sun.reflect.DelegatingMethodAccessorImpl.invoke(DelegatingMethodAccessorImpl.java:43)
	at java.lang.reflect.Method.invoke(Method.java:498)
	at org.testng.internal.MethodInvocationHelper.invokeMethod(MethodInvocationHelper.java:108)
	at org.testng.internal.Invoker.invokeMethod(Invoker.java:661)
	at org.testng.internal.Invoker.invokeTestMethod(Invoker.java:869)
	at org.testng.internal.Invoker.invokeTestMethods(Invoker.java:1193)
	at org.testng.internal.TestMethodWorker.invokeTestMethods(TestMethodWorker.java:126)
	at org.testng.internal.TestMethodWorker.run(TestMethodWorker.java:109)
	at org.testng.TestRunner.privateRun(TestRunner.java:744)
	at org.testng.TestRunner.run(TestRunner.java:602)
	at org.testng.SuiteRunner.runTest(SuiteRunner.java:380)
	at org.testng.SuiteRunner.access$000(SuiteRunner.java:39)
	at org.testng.SuiteRunner$SuiteWorker.run(SuiteRunner.java:414)
	at org.testng.internal.thread.ThreadUtil$1.call(ThreadUtil.java:52)
	at java.util.concurrent.FutureTask.run(FutureTask.java:266)
	at java.util.concurrent.ThreadPoolExecutor.runWorker(ThreadPoolExecutor.java:1149)
	at java.util.concurrent.ThreadPoolExecutor$Worker.run(ThreadPoolExecutor.java:624)
	at java.lang.Thread.run(Thread.java:748)
]]>
            </full-stacktrace>
          </exception> <!-- org.openqa.selenium.NoSuchElementException -->
          <reporter-output>
          </reporter-output>
        </test-method> <!-- clickButtonByCSS -->
        <test-method status="FAIL" signature="clickButtonByXpath()[pri:0, instance:Homepage.TestCreditCards@3f2a3a5]" name="clickButtonByXpath" duration-ms="10027" started-at="2017-09-16T15:18:26Z" finished-at="2017-09-16T15:18:36Z">
          <exception class="org.openqa.selenium.NoSuchElementException">
            <message>
              <![CDATA[Unable to locate element: .cA-DD-browseCards
For documentation on this error, please visit: http://seleniumhq.org/exceptions/no_such_element.html
Build info: version: '3.5.3', revision: 'a88d25fe6b', time: '2017-08-29T12:42:44.417Z'
System info: host: 'samis-MacBook-Pro.local', ip: 'fe80:0:0:0:1c0d:53b0:ca5d:9f39%en0', os.name: 'Mac OS X', os.arch: 'x86_64', os.version: '10.12.6', java.version: '1.8.0_144'
Driver info: org.openqa.selenium.firefox.FirefoxDriver
Capabilities [{moz:profile=/var/folders/1q/mcsr0m2x28d4ffr1ql92pmpc0000gn/T/rust_mozprofile.3tqbxa12cpRc, rotatable=false, timeouts={implicit=0, pageLoad=300000, script=30000}, pageLoadStrategy=normal, platform=MAC, specificationLevel=0, moz:accessibilityChecks=false, acceptInsecureCerts=false, browserVersion=55.0.3, platformVersion=16.7.0, moz:processID=1200, browserName=firefox, javascriptEnabled=true, platformName=MAC}]
Session ID: ea3c0be6-7c5c-9a46-ae8c-a8477d3c5200
*** Element info: {Using=css selector, value=.cA-DD-browseCards}]]>
            </message>
            <full-stacktrace>
              <![CDATA[org.openqa.selenium.NoSuchElementException: Unable to locate element: .cA-DD-browseCards
For documentation on this error, please visit: http://seleniumhq.org/exceptions/no_such_element.html
Build info: version: '3.5.3', revision: 'a88d25fe6b', time: '2017-08-29T12:42:44.417Z'
System info: host: 'samis-MacBook-Pro.local', ip: 'fe80:0:0:0:1c0d:53b0:ca5d:9f39%en0', os.name: 'Mac OS X', os.arch: 'x86_64', os.version: '10.12.6', java.version: '1.8.0_144'
Driver info: org.openqa.selenium.firefox.FirefoxDriver
Capabilities [{moz:profile=/var/folders/1q/mcsr0m2x28d4ffr1ql92pmpc0000gn/T/rust_mozprofile.3tqbxa12cpRc, rotatable=false, timeouts={implicit=0, pageLoad=300000, script=30000}, pageLoadStrategy=normal, platform=MAC, specificationLevel=0, moz:accessibilityChecks=false, acceptInsecureCerts=false, browserVersion=55.0.3, platformVersion=16.7.0, moz:processID=1200, browserName=firefox, javascriptEnabled=true, platformName=MAC}]
Session ID: ea3c0be6-7c5c-9a46-ae8c-a8477d3c5200
*** Element info: {Using=css selector, value=.cA-DD-browseCards}
	at sun.reflect.NativeConstructorAccessorImpl.newInstance0(Native Method)
	at sun.reflect.NativeConstructorAccessorImpl.newInstance(NativeConstructorAccessorImpl.java:62)
	at sun.reflect.DelegatingConstructorAccessorImpl.newInstance(DelegatingConstructorAccessorImpl.java:45)
	at java.lang.reflect.Constructor.newInstance(Constructor.java:423)
	at org.openqa.selenium.remote.http.W3CHttpResponseCodec.createException(W3CHttpResponseCodec.java:185)
	at org.openqa.selenium.remote.http.W3CHttpResponseCodec.decode(W3CHttpResponseCodec.java:120)
	at org.openqa.selenium.remote.http.W3CHttpResponseCodec.decode(W3CHttpResponseCodec.java:49)
	at org.openqa.selenium.remote.HttpCommandExecutor.execute(HttpCommandExecutor.java:164)
	at org.openqa.selenium.remote.service.DriverCommandExecutor.execute(DriverCommandExecutor.java:82)
	at org.openqa.selenium.remote.RemoteWebDriver.execute(RemoteWebDriver.java:646)
	at org.openqa.selenium.remote.RemoteWebDriver.findElement(RemoteWebDriver.java:416)
	at org.openqa.selenium.remote.RemoteWebDriver.findElementByCssSelector(RemoteWebDriver.java:510)
	at org.openqa.selenium.By$ByCssSelector.findElement(By.java:430)
	at org.openqa.selenium.remote.RemoteWebDriver.findElement(RemoteWebDriver.java:408)
	at Base.CommonAPI.clickbuttonbyCSS(CommonAPI.java:72)
	at Homepage.TestCreditCards.clickButtonByXpath(TestCreditCards.java:26)
	at sun.reflect.NativeMethodAccessorImpl.invoke0(Native Method)
	at sun.reflect.NativeMethodAccessorImpl.invoke(NativeMethodAccessorImpl.java:62)
	at sun.reflect.DelegatingMethodAccessorImpl.invoke(DelegatingMethodAccessorImpl.java:43)
	at java.lang.reflect.Method.invoke(Method.java:498)
	at org.testng.internal.MethodInvocationHelper.invokeMethod(MethodInvocationHelper.java:108)
	at org.testng.internal.Invoker.invokeMethod(Invoker.java:661)
	at org.testng.internal.Invoker.invokeTestMethod(Invoker.java:869)
	at org.testng.internal.Invoker.invokeTestMethods(Invoker.java:1193)
	at org.testng.internal.TestMethodWorker.invokeTestMethods(TestMethodWorker.java:126)
	at org.testng.internal.TestMethodWorker.run(TestMethodWorker.java:109)
	at org.testng.TestRunner.privateRun(TestRunner.java:744)
	at org.testng.TestRunner.run(TestRunner.java:602)
	at org.testng.SuiteRunner.runTest(SuiteRunner.java:380)
	at org.testng.SuiteRunner.access$000(SuiteRunner.java:39)
	at org.testng.SuiteRunner$SuiteWorker.run(SuiteRunner.java:414)
	at org.testng.internal.thread.ThreadUtil$1.call(ThreadUtil.java:52)
	at java.util.concurrent.FutureTask.run(FutureTask.java:266)
	at java.util.concurrent.ThreadPoolExecutor.runWorker(ThreadPoolExecutor.java:1149)
	at java.util.concurrent.ThreadPoolExecutor$Worker.run(ThreadPoolExecutor.java:624)
	at java.lang.Thread.run(Thread.java:748)
]]>
            </full-stacktrace>
          </exception> <!-- org.openqa.selenium.NoSuchElementException -->
          <reporter-output>
          </reporter-output>
        </test-method> <!-- clickButtonByXpath -->
        <test-method status="FAIL" signature="clickcreditcardTag()[pri:0, instance:Homepage.TestCreditCards@3f2a3a5]" name="clickcreditcardTag" duration-ms="10030" started-at="2017-09-16T15:18:36Z" finished-at="2017-09-16T15:18:46Z">
          <exception class="org.openqa.selenium.NoSuchElementException">
            <message>
              <![CDATA[Unable to locate element: #creditCards>a
For documentation on this error, please visit: http://seleniumhq.org/exceptions/no_such_element.html
Build info: version: '3.5.3', revision: 'a88d25fe6b', time: '2017-08-29T12:42:44.417Z'
System info: host: 'samis-MacBook-Pro.local', ip: 'fe80:0:0:0:1c0d:53b0:ca5d:9f39%en0', os.name: 'Mac OS X', os.arch: 'x86_64', os.version: '10.12.6', java.version: '1.8.0_144'
Driver info: org.openqa.selenium.firefox.FirefoxDriver
Capabilities [{moz:profile=/var/folders/1q/mcsr0m2x28d4ffr1ql92pmpc0000gn/T/rust_mozprofile.3tqbxa12cpRc, rotatable=false, timeouts={implicit=0, pageLoad=300000, script=30000}, pageLoadStrategy=normal, platform=MAC, specificationLevel=0, moz:accessibilityChecks=false, acceptInsecureCerts=false, browserVersion=55.0.3, platformVersion=16.7.0, moz:processID=1200, browserName=firefox, javascriptEnabled=true, platformName=MAC}]
Session ID: ea3c0be6-7c5c-9a46-ae8c-a8477d3c5200
*** Element info: {Using=css selector, value=#creditCards>a}]]>
            </message>
            <full-stacktrace>
              <![CDATA[org.openqa.selenium.NoSuchElementException: Unable to locate element: #creditCards>a
For documentation on this error, please visit: http://seleniumhq.org/exceptions/no_such_element.html
Build info: version: '3.5.3', revision: 'a88d25fe6b', time: '2017-08-29T12:42:44.417Z'
System info: host: 'samis-MacBook-Pro.local', ip: 'fe80:0:0:0:1c0d:53b0:ca5d:9f39%en0', os.name: 'Mac OS X', os.arch: 'x86_64', os.version: '10.12.6', java.version: '1.8.0_144'
Driver info: org.openqa.selenium.firefox.FirefoxDriver
Capabilities [{moz:profile=/var/folders/1q/mcsr0m2x28d4ffr1ql92pmpc0000gn/T/rust_mozprofile.3tqbxa12cpRc, rotatable=false, timeouts={implicit=0, pageLoad=300000, script=30000}, pageLoadStrategy=normal, platform=MAC, specificationLevel=0, moz:accessibilityChecks=false, acceptInsecureCerts=false, browserVersion=55.0.3, platformVersion=16.7.0, moz:processID=1200, browserName=firefox, javascriptEnabled=true, platformName=MAC}]
Session ID: ea3c0be6-7c5c-9a46-ae8c-a8477d3c5200
*** Element info: {Using=css selector, value=#creditCards>a}
	at sun.reflect.NativeConstructorAccessorImpl.newInstance0(Native Method)
	at sun.reflect.NativeConstructorAccessorImpl.newInstance(NativeConstructorAccessorImpl.java:62)
	at sun.reflect.DelegatingConstructorAccessorImpl.newInstance(DelegatingConstructorAccessorImpl.java:45)
	at java.lang.reflect.Constructor.newInstance(Constructor.java:423)
	at org.openqa.selenium.remote.http.W3CHttpResponseCodec.createException(W3CHttpResponseCodec.java:185)
	at org.openqa.selenium.remote.http.W3CHttpResponseCodec.decode(W3CHttpResponseCodec.java:120)
	at org.openqa.selenium.remote.http.W3CHttpResponseCodec.decode(W3CHttpResponseCodec.java:49)
	at org.openqa.selenium.remote.HttpCommandExecutor.execute(HttpCommandExecutor.java:164)
	at org.openqa.selenium.remote.service.DriverCommandExecutor.execute(DriverCommandExecutor.java:82)
	at org.openqa.selenium.remote.RemoteWebDriver.execute(RemoteWebDriver.java:646)
	at org.openqa.selenium.remote.RemoteWebDriver.findElement(RemoteWebDriver.java:416)
	at org.openqa.selenium.remote.RemoteWebDriver.findElementByCssSelector(RemoteWebDriver.java:510)
	at org.openqa.selenium.By$ByCssSelector.findElement(By.java:430)
	at org.openqa.selenium.remote.RemoteWebDriver.findElement(RemoteWebDriver.java:408)
	at Base.CommonAPI.clickbuttonbyCSS(CommonAPI.java:72)
	at Homepage.TestCreditCards.clickcreditcardTag(TestCreditCards.java:9)
	at sun.reflect.NativeMethodAccessorImpl.invoke0(Native Method)
	at sun.reflect.NativeMethodAccessorImpl.invoke(NativeMethodAccessorImpl.java:62)
	at sun.reflect.DelegatingMethodAccessorImpl.invoke(DelegatingMethodAccessorImpl.java:43)
	at java.lang.reflect.Method.invoke(Method.java:498)
	at org.testng.internal.MethodInvocationHelper.invokeMethod(MethodInvocationHelper.java:108)
	at org.testng.internal.Invoker.invokeMethod(Invoker.java:661)
	at org.testng.internal.Invoker.invokeTestMethod(Invoker.java:869)
	at org.testng.internal.Invoker.invokeTestMethods(Invoker.java:1193)
	at org.testng.internal.TestMethodWorker.invokeTestMethods(TestMethodWorker.java:126)
	at org.testng.internal.TestMethodWorker.run(TestMethodWorker.java:109)
	at org.testng.TestRunner.privateRun(TestRunner.java:744)
	at org.testng.TestRunner.run(TestRunner.java:602)
	at org.testng.SuiteRunner.runTest(SuiteRunner.java:380)
	at org.testng.SuiteRunner.access$000(SuiteRunner.java:39)
	at org.testng.SuiteRunner$SuiteWorker.run(SuiteRunner.java:414)
	at org.testng.internal.thread.ThreadUtil$1.call(ThreadUtil.java:52)
	at java.util.concurrent.FutureTask.run(FutureTask.java:266)
	at java.util.concurrent.ThreadPoolExecutor.runWorker(ThreadPoolExecutor.java:1149)
	at java.util.concurrent.ThreadPoolExecutor$Worker.run(ThreadPoolExecutor.java:624)
	at java.lang.Thread.run(Thread.java:748)
]]>
            </full-stacktrace>
          </exception> <!-- org.openqa.selenium.NoSuchElementException -->
          <reporter-output>
          </reporter-output>
        </test-method> <!-- clickcreditcardTag -->
        <test-method status="FAIL" signature="searchByCSS()[pri:0, instance:Homepage.TestCreditCards@3f2a3a5]" name="searchByCSS" duration-ms="10023" started-at="2017-09-16T15:18:46Z" finished-at="2017-09-16T15:18:56Z">
          <exception class="org.openqa.selenium.NoSuchElementException">
            <message>
              <![CDATA[Unable to locate element: #cA-cardsUseridMasked
For documentation on this error, please visit: http://seleniumhq.org/exceptions/no_such_element.html
Build info: version: '3.5.3', revision: 'a88d25fe6b', time: '2017-08-29T12:42:44.417Z'
System info: host: 'samis-MacBook-Pro.local', ip: 'fe80:0:0:0:1c0d:53b0:ca5d:9f39%en0', os.name: 'Mac OS X', os.arch: 'x86_64', os.version: '10.12.6', java.version: '1.8.0_144'
Driver info: org.openqa.selenium.firefox.FirefoxDriver
Capabilities [{moz:profile=/var/folders/1q/mcsr0m2x28d4ffr1ql92pmpc0000gn/T/rust_mozprofile.3tqbxa12cpRc, rotatable=false, timeouts={implicit=0, pageLoad=300000, script=30000}, pageLoadStrategy=normal, platform=MAC, specificationLevel=0, moz:accessibilityChecks=false, acceptInsecureCerts=false, browserVersion=55.0.3, platformVersion=16.7.0, moz:processID=1200, browserName=firefox, javascriptEnabled=true, platformName=MAC}]
Session ID: ea3c0be6-7c5c-9a46-ae8c-a8477d3c5200
*** Element info: {Using=css selector, value=#cA-cardsUseridMasked}]]>
            </message>
            <full-stacktrace>
              <![CDATA[org.openqa.selenium.NoSuchElementException: Unable to locate element: #cA-cardsUseridMasked
For documentation on this error, please visit: http://seleniumhq.org/exceptions/no_such_element.html
Build info: version: '3.5.3', revision: 'a88d25fe6b', time: '2017-08-29T12:42:44.417Z'
System info: host: 'samis-MacBook-Pro.local', ip: 'fe80:0:0:0:1c0d:53b0:ca5d:9f39%en0', os.name: 'Mac OS X', os.arch: 'x86_64', os.version: '10.12.6', java.version: '1.8.0_144'
Driver info: org.openqa.selenium.firefox.FirefoxDriver
Capabilities [{moz:profile=/var/folders/1q/mcsr0m2x28d4ffr1ql92pmpc0000gn/T/rust_mozprofile.3tqbxa12cpRc, rotatable=false, timeouts={implicit=0, pageLoad=300000, script=30000}, pageLoadStrategy=normal, platform=MAC, specificationLevel=0, moz:accessibilityChecks=false, acceptInsecureCerts=false, browserVersion=55.0.3, platformVersion=16.7.0, moz:processID=1200, browserName=firefox, javascriptEnabled=true, platformName=MAC}]
Session ID: ea3c0be6-7c5c-9a46-ae8c-a8477d3c5200
*** Element info: {Using=css selector, value=#cA-cardsUseridMasked}
	at sun.reflect.NativeConstructorAccessorImpl.newInstance0(Native Method)
	at sun.reflect.NativeConstructorAccessorImpl.newInstance(NativeConstructorAccessorImpl.java:62)
	at sun.reflect.DelegatingConstructorAccessorImpl.newInstance(DelegatingConstructorAccessorImpl.java:45)
	at java.lang.reflect.Constructor.newInstance(Constructor.java:423)
	at org.openqa.selenium.remote.http.W3CHttpResponseCodec.createException(W3CHttpResponseCodec.java:185)
	at org.openqa.selenium.remote.http.W3CHttpResponseCodec.decode(W3CHttpResponseCodec.java:120)
	at org.openqa.selenium.remote.http.W3CHttpResponseCodec.decode(W3CHttpResponseCodec.java:49)
	at org.openqa.selenium.remote.HttpCommandExecutor.execute(HttpCommandExecutor.java:164)
	at org.openqa.selenium.remote.service.DriverCommandExecutor.execute(DriverCommandExecutor.java:82)
	at org.openqa.selenium.remote.RemoteWebDriver.execute(RemoteWebDriver.java:646)
	at org.openqa.selenium.remote.RemoteWebDriver.findElement(RemoteWebDriver.java:416)
	at org.openqa.selenium.remote.RemoteWebDriver.findElementByCssSelector(RemoteWebDriver.java:510)
	at org.openqa.selenium.By$ByCssSelector.findElement(By.java:430)
	at org.openqa.selenium.remote.RemoteWebDriver.findElement(RemoteWebDriver.java:408)
	at Base.CommonAPI.searchByCSS(CommonAPI.java:63)
	at Homepage.TestCreditCards.searchByCSS(TestCreditCards.java:14)
	at sun.reflect.NativeMethodAccessorImpl.invoke0(Native Method)
	at sun.reflect.NativeMethodAccessorImpl.invoke(NativeMethodAccessorImpl.java:62)
	at sun.reflect.DelegatingMethodAccessorImpl.invoke(DelegatingMethodAccessorImpl.java:43)
	at java.lang.reflect.Method.invoke(Method.java:498)
	at org.testng.internal.MethodInvocationHelper.invokeMethod(MethodInvocationHelper.java:108)
	at org.testng.internal.Invoker.invokeMethod(Invoker.java:661)
	at org.testng.internal.Invoker.invokeTestMethod(Invoker.java:869)
	at org.testng.internal.Invoker.invokeTestMethods(Invoker.java:1193)
	at org.testng.internal.TestMethodWorker.invokeTestMethods(TestMethodWorker.java:126)
	at org.testng.internal.TestMethodWorker.run(TestMethodWorker.java:109)
	at org.testng.TestRunner.privateRun(TestRunner.java:744)
	at org.testng.TestRunner.run(TestRunner.java:602)
	at org.testng.SuiteRunner.runTest(SuiteRunner.java:380)
	at org.testng.SuiteRunner.access$000(SuiteRunner.java:39)
	at org.testng.SuiteRunner$SuiteWorker.run(SuiteRunner.java:414)
	at org.testng.internal.thread.ThreadUtil$1.call(ThreadUtil.java:52)
	at java.util.concurrent.FutureTask.run(FutureTask.java:266)
	at java.util.concurrent.ThreadPoolExecutor.runWorker(ThreadPoolExecutor.java:1149)
	at java.util.concurrent.ThreadPoolExecutor$Worker.run(ThreadPoolExecutor.java:624)
	at java.lang.Thread.run(Thread.java:748)
]]>
            </full-stacktrace>
          </exception> <!-- org.openqa.selenium.NoSuchElementException -->
          <reporter-output>
          </reporter-output>
        </test-method> <!-- searchByCSS -->
        <test-method status="FAIL" signature="searchByXpath()[pri:0, instance:Homepage.TestCreditCards@3f2a3a5]" name="searchByXpath" duration-ms="10025" started-at="2017-09-16T15:18:56Z" finished-at="2017-09-16T15:19:06Z">
          <exception class="org.openqa.selenium.NoSuchElementException">
            <message>
              <![CDATA[Unable to locate element: .//*[@id='PASSWORD']
For documentation on this error, please visit: http://seleniumhq.org/exceptions/no_such_element.html
Build info: version: '3.5.3', revision: 'a88d25fe6b', time: '2017-08-29T12:42:44.417Z'
System info: host: 'samis-MacBook-Pro.local', ip: 'fe80:0:0:0:1c0d:53b0:ca5d:9f39%en0', os.name: 'Mac OS X', os.arch: 'x86_64', os.version: '10.12.6', java.version: '1.8.0_144'
Driver info: org.openqa.selenium.firefox.FirefoxDriver
Capabilities [{moz:profile=/var/folders/1q/mcsr0m2x28d4ffr1ql92pmpc0000gn/T/rust_mozprofile.3tqbxa12cpRc, rotatable=false, timeouts={implicit=0, pageLoad=300000, script=30000}, pageLoadStrategy=normal, platform=MAC, specificationLevel=0, moz:accessibilityChecks=false, acceptInsecureCerts=false, browserVersion=55.0.3, platformVersion=16.7.0, moz:processID=1200, browserName=firefox, javascriptEnabled=true, platformName=MAC}]
Session ID: ea3c0be6-7c5c-9a46-ae8c-a8477d3c5200
*** Element info: {Using=xpath, value=.//*[@id='PASSWORD']}]]>
            </message>
            <full-stacktrace>
              <![CDATA[org.openqa.selenium.NoSuchElementException: Unable to locate element: .//*[@id='PASSWORD']
For documentation on this error, please visit: http://seleniumhq.org/exceptions/no_such_element.html
Build info: version: '3.5.3', revision: 'a88d25fe6b', time: '2017-08-29T12:42:44.417Z'
System info: host: 'samis-MacBook-Pro.local', ip: 'fe80:0:0:0:1c0d:53b0:ca5d:9f39%en0', os.name: 'Mac OS X', os.arch: 'x86_64', os.version: '10.12.6', java.version: '1.8.0_144'
Driver info: org.openqa.selenium.firefox.FirefoxDriver
Capabilities [{moz:profile=/var/folders/1q/mcsr0m2x28d4ffr1ql92pmpc0000gn/T/rust_mozprofile.3tqbxa12cpRc, rotatable=false, timeouts={implicit=0, pageLoad=300000, script=30000}, pageLoadStrategy=normal, platform=MAC, specificationLevel=0, moz:accessibilityChecks=false, acceptInsecureCerts=false, browserVersion=55.0.3, platformVersion=16.7.0, moz:processID=1200, browserName=firefox, javascriptEnabled=true, platformName=MAC}]
Session ID: ea3c0be6-7c5c-9a46-ae8c-a8477d3c5200
*** Element info: {Using=xpath, value=.//*[@id='PASSWORD']}
	at sun.reflect.NativeConstructorAccessorImpl.newInstance0(Native Method)
	at sun.reflect.NativeConstructorAccessorImpl.newInstance(NativeConstructorAccessorImpl.java:62)
	at sun.reflect.DelegatingConstructorAccessorImpl.newInstance(DelegatingConstructorAccessorImpl.java:45)
	at java.lang.reflect.Constructor.newInstance(Constructor.java:423)
	at org.openqa.selenium.remote.http.W3CHttpResponseCodec.createException(W3CHttpResponseCodec.java:185)
	at org.openqa.selenium.remote.http.W3CHttpResponseCodec.decode(W3CHttpResponseCodec.java:120)
	at org.openqa.selenium.remote.http.W3CHttpResponseCodec.decode(W3CHttpResponseCodec.java:49)
	at org.openqa.selenium.remote.HttpCommandExecutor.execute(HttpCommandExecutor.java:164)
	at org.openqa.selenium.remote.service.DriverCommandExecutor.execute(DriverCommandExecutor.java:82)
	at org.openqa.selenium.remote.RemoteWebDriver.execute(RemoteWebDriver.java:646)
	at org.openqa.selenium.remote.RemoteWebDriver.findElement(RemoteWebDriver.java:416)
	at org.openqa.selenium.remote.RemoteWebDriver.findElementByXPath(RemoteWebDriver.java:518)
	at org.openqa.selenium.By$ByXPath.findElement(By.java:361)
	at org.openqa.selenium.remote.RemoteWebDriver.findElement(RemoteWebDriver.java:408)
	at Base.CommonAPI.searchByXPath(CommonAPI.java:67)
	at Homepage.TestCreditCards.searchByXpath(TestCreditCards.java:18)
	at sun.reflect.NativeMethodAccessorImpl.invoke0(Native Method)
	at sun.reflect.NativeMethodAccessorImpl.invoke(NativeMethodAccessorImpl.java:62)
	at sun.reflect.DelegatingMethodAccessorImpl.invoke(DelegatingMethodAccessorImpl.java:43)
	at java.lang.reflect.Method.invoke(Method.java:498)
	at org.testng.internal.MethodInvocationHelper.invokeMethod(MethodInvocationHelper.java:108)
	at org.testng.internal.Invoker.invokeMethod(Invoker.java:661)
	at org.testng.internal.Invoker.invokeTestMethod(Invoker.java:869)
	at org.testng.internal.Invoker.invokeTestMethods(Invoker.java:1193)
	at org.testng.internal.TestMethodWorker.invokeTestMethods(TestMethodWorker.java:126)
	at org.testng.internal.TestMethodWorker.run(TestMethodWorker.java:109)
	at org.testng.TestRunner.privateRun(TestRunner.java:744)
	at org.testng.TestRunner.run(TestRunner.java:602)
	at org.testng.SuiteRunner.runTest(SuiteRunner.java:380)
	at org.testng.SuiteRunner.access$000(SuiteRunner.java:39)
	at org.testng.SuiteRunner$SuiteWorker.run(SuiteRunner.java:414)
	at org.testng.internal.thread.ThreadUtil$1.call(ThreadUtil.java:52)
	at java.util.concurrent.FutureTask.run(FutureTask.java:266)
	at java.util.concurrent.ThreadPoolExecutor.runWorker(ThreadPoolExecutor.java:1149)
	at java.util.concurrent.ThreadPoolExecutor$Worker.run(ThreadPoolExecutor.java:624)
	at java.lang.Thread.run(Thread.java:748)
]]>
            </full-stacktrace>
          </exception> <!-- org.openqa.selenium.NoSuchElementException -->
          <reporter-output>
          </reporter-output>
        </test-method> <!-- searchByXpath -->
      </class> <!-- Homepage.TestCreditCards -->
      <class name="Homepage.LocateATMByZipcode">
        <test-method status="PASS" signature="searchforATM()[pri:0, instance:Homepage.LocateATMByZipcode@60addb54]" name="searchforATM" duration-ms="97" started-at="2017-09-16T15:18:16Z" finished-at="2017-09-16T15:18:16Z">
          <reporter-output>
          </reporter-output>
        </test-method> <!-- searchforATM -->
      </class> <!-- Homepage.LocateATMByZipcode -->
    </test> <!-- CitiBank -->
  </suite> <!-- CitiBank -->
</testng-results>
