<?xml version="1.0" encoding="UTF-8"?>
<!-- Generated by org.testng.reporters.JUnitXMLReporter -->
<testsuite hostname="samis-MacBook-Pro.local" ignored="0" name="Command line test" tests="5" failures="0" timestamp="15 Sep 2017 23:12:33 GMT" time="0.017" errors="0">
  <testcase name="@BeforeTest setUp" time="0.0" classname="Base.CommonAPI">
    <failure type="org.testng.TestNGException" message="
Parameter &amp;apos;browserName&amp;apos; is required by BeforeTest on method setUp but has not been marked @Optional or defined
">
      <![CDATA[org.testng.TestNGException: 
Parameter 'browserName' is required by BeforeTest on method setUp but has not been marked @Optional or defined

... Removed 29 stack frames]]>
    </failure>
  </testcase> <!-- @BeforeTest setUp -->
  <testcase name="@AfterTest cleanUp" time="0.0" classname="Base.CommonAPI">
    <skipped/>
  </testcase> <!-- @AfterTest cleanUp -->
  <testcase name="CitiBankTitle" time="0.0" classname="Homepage.TestHomepage">
    <skipped/>
  </testcase> <!-- CitiBankTitle -->
  <testcase name="Citibanklogo" time="0.0" classname="Homepage.TestHomepage">
    <skipped/>
  </testcase> <!-- Citibanklogo -->
  <testcase name="Citibankurl" time="0.0" classname="Homepage.TestHomepage">
    <skipped/>
  </testcase> <!-- Citibankurl -->
  <testcase name="CreditcardTitle" time="0.0" classname="Homepage.TestHomepage">
    <skipped/>
  </testcase> <!-- CreditcardTitle -->
  <testcase name="clickcreditcardtag" time="0.0" classname="Homepage.TestHomepage">
    <skipped/>
  </testcase> <!-- clickcreditcardtag -->
</testsuite> <!-- Command line test -->
